# JRE version: Java(TM) SE Runtime Environment (16.0.2+7) (build 16.0.2+7-67)
# Java VM: Java HotSpot(TM) 64-Bit Server VM (16.0.2+7-67, mixed mode, sharing, tiered, compressed oops, compressed class ptrs, g1 gc, linux-amd64)
GC Precious Log:
 CPUs: 16 total, 16 available
 Memory: 15418M
 Large Page Support: Disabled
 NUMA Support: Disabled
 Compressed Oops: Enabled (Zero based)
 Heap Region Size: 2M
 Heap Min Capacity: 8M
 Heap Initial Capacity: 242M
 Heap Max Capacity: 3856M
 Pre-touch: Disabled
 Parallel Workers: 13
 Concurrent Workers: 3
 Concurrent Refinement Workers: 13
 Periodic GC: Disabled
Heap:
 garbage-first heap   total 251904K, used 35635K [0x000000070f000000, 0x0000000800000000)
  region size 2048K, 18 young (36864K), 4 survivors (8192K)
 Metaspace       used 16313K, committed 16512K, reserved 1064960K
  class space    used 1211K, committed 1344K, reserved 1048576K
GC Heap History (6 events):
Event: 1,458 GC heap before
{Heap before GC invocations=0 (full 0):
 garbage-first heap   total 251904K, used 22488K [0x000000070f000000, 0x0000000800000000)
  region size 2048K, 11 young (22528K), 0 survivors (0K)
 Metaspace       used 9402K, committed 9600K, reserved 1064960K
  class space    used 827K, committed 896K, reserved 1048576K
}
Event: 1,461 GC heap after
{Heap after GC invocations=1 (full 0):
 garbage-first heap   total 251904K, used 4655K [0x000000070f000000, 0x0000000800000000)
  region size 2048K, 2 young (4096K), 2 survivors (4096K)
 Metaspace       used 9402K, committed 9600K, reserved 1064960K
  class space    used 827K, committed 896K, reserved 1048576K
}
Event: 2,117 GC heap before
{Heap before GC invocations=1 (full 0):
 garbage-first heap   total 251904K, used 41519K [0x000000070f000000, 0x0000000800000000)
  region size 2048K, 20 young (40960K), 2 survivors (4096K)
 Metaspace       used 15775K, committed 16064K, reserved 1064960K
  class space    used 1203K, committed 1344K, reserved 1048576K
}
Event: 2,121 GC heap after
{Heap after GC invocations=2 (full 0):
 garbage-first heap   total 251904K, used 7889K [0x000000070f000000, 0x0000000800000000)
  region size 2048K, 3 young (6144K), 3 survivors (6144K)
 Metaspace       used 15775K, committed 16064K, reserved 1064960K
  class space    used 1203K, committed 1344K, reserved 1048576K
}
Event: 7,547 GC heap before
{Heap before GC invocations=2 (full 0):
 garbage-first heap   total 251904K, used 149201K [0x000000070f000000, 0x0000000800000000)
  region size 2048K, 72 young (147456K), 3 survivors (6144K)
 Metaspace       used 16231K, committed 16448K, reserved 1064960K
  class space    used 1211K, committed 1344K, reserved 1048576K
}
Event: 7,555 GC heap after
{Heap after GC invocations=3 (full 0):
 garbage-first heap   total 251904K, used 9011K [0x000000070f000000, 0x0000000800000000)
  region size 2048K, 4 young (8192K), 4 survivors (8192K)
 Metaspace       used 16231K, committed 16448K, reserved 1064960K
  class space    used 1211K, committed 1344K, reserved 1048576K
}

